-------------------------------------------------------------------------------
Test set: org.egov.ukcustomservice.UkdCustomServiceApplicationTests
-------------------------------------------------------------------------------
Tests run: 1, Failures: 0, Errors: 1, Skipped: 0, Time elapsed: 0.439 s <<< FAILURE! - in org.egov.ukcustomservice.UkdCustomServiceApplicationTests
org.egov.ukcustomservice.UkdCustomServiceApplicationTests  Time elapsed: 0.438 s  <<< ERROR!
java.lang.IllegalStateException: Unable to find a @SpringBootConfiguration, you need to use @ContextConfiguration or @SpringBootTest(classes=...) with your test

