<?xml version="1.0" encoding="UTF-8"?>
<testsuite xmlns:xsi="http://www.w3.org/2001/XMLSchema-instance" xsi:noNamespaceSchemaLocation="https://maven.apache.org/surefire/maven-surefire-plugin/xsd/surefire-test-report.xsd" name="org.egov.ukcustomservice.UkdCustomServiceApplicationTests" time="0.439" tests="1" errors="1" skipped="0" failures="0">
  <properties>
[...]
</properties>
  <testcase name="org.egov.ukcustomservice.UkdCustomServiceApplicationTests" classname="org.egov.ukcustomservice.UkdCustomServiceApplicationTests" time="0.438">
    <error message="Unable to find a @SpringBootConfiguration, you need to use @ContextConfiguration or @SpringBootTest(classes=...) with your test" type="java.lang.IllegalStateException">java.lang.IllegalStateException: Unable to find a @SpringBootConfiguration, you need to use @ContextConfiguration or @SpringBootTest(classes=...) with your test
</error>
    <system-out><![CDATA[09:33:05.976 [main] DEBUG org.springframework.test.context.BootstrapUtils - Instantiating CacheAwareContextLoaderDelegate from class [org.springframework.test.context.cache.DefaultCacheAwareContextLoaderDelegate]
09:33:05.990 [main] DEBUG org.springframework.test.context.BootstrapUtils - Instantiating BootstrapContext using constructor [public org.springframework.test.context.support.DefaultBootstrapContext(java.lang.Class,org.springframework.test.context.CacheAwareContextLoaderDelegate)]
09:33:06.017 [main] DEBUG org.springframework.test.context.BootstrapUtils - Instantiating TestContextBootstrapper for test class [org.egov.ukcustomservice.UkdCustomServiceApplicationTests] from class [org.springframework.boot.test.context.SpringBootTestContextBootstrapper]
09:33:06.030 [main] INFO org.springframework.boot.test.context.SpringBootTestContextBootstrapper - Neither @ContextConfiguration nor @ContextHierarchy found for test class [org.egov.ukcustomservice.UkdCustomServiceApplicationTests], using SpringBootContextLoader
09:33:06.034 [main] DEBUG org.springframework.test.context.support.AbstractContextLoader - Did not detect default resource location for test class [org.egov.ukcustomservice.UkdCustomServiceApplicationTests]: class path resource [org/egov/ukcustomservice/UkdCustomServiceApplicationTests-context.xml] does not exist
09:33:06.034 [main] DEBUG org.springframework.test.context.support.AbstractContextLoader - Did not detect default resource location for test class [org.egov.ukcustomservice.UkdCustomServiceApplicationTests]: class path resource [org/egov/ukcustomservice/UkdCustomServiceApplicationTestsContext.groovy] does not exist
09:33:06.034 [main] INFO org.springframework.test.context.support.AbstractContextLoader - Could not detect default resource locations for test class [org.egov.ukcustomservice.UkdCustomServiceApplicationTests]: no resource found for suffixes {-context.xml, Context.groovy}.
09:33:06.035 [main] INFO org.springframework.test.context.support.AnnotationConfigContextLoaderUtils - Could not detect default configuration classes for test class [org.egov.ukcustomservice.UkdCustomServiceApplicationTests]: UkdCustomServiceApplicationTests does not declare any static, non-private, non-final, nested classes annotated with @Configuration.
09:33:06.071 [main] DEBUG org.springframework.test.context.support.ActiveProfilesUtils - Could not find an 'annotation declaring class' for annotation type [org.springframework.test.context.ActiveProfiles] and class [org.egov.ukcustomservice.UkdCustomServiceApplicationTests]
09:33:06.181 [main] DEBUG org.springframework.test.context.BootstrapUtils - Instantiating CacheAwareContextLoaderDelegate from class [org.springframework.test.context.cache.DefaultCacheAwareContextLoaderDelegate]
09:33:06.182 [main] DEBUG org.springframework.test.context.BootstrapUtils - Instantiating BootstrapContext using constructor [public org.springframework.test.context.support.DefaultBootstrapContext(java.lang.Class,org.springframework.test.context.CacheAwareContextLoaderDelegate)]
09:33:06.182 [main] DEBUG org.springframework.test.context.BootstrapUtils - Instantiating TestContextBootstrapper for test class [org.egov.ukcustomservice.UkdCustomServiceApplicationTests] from class [org.springframework.boot.test.context.SpringBootTestContextBootstrapper]
09:33:06.183 [main] INFO org.springframework.boot.test.context.SpringBootTestContextBootstrapper - Neither @ContextConfiguration nor @ContextHierarchy found for test class [org.egov.ukcustomservice.UkdCustomServiceApplicationTests], using SpringBootContextLoader
09:33:06.185 [main] DEBUG org.springframework.test.context.support.AbstractContextLoader - Did not detect default resource location for test class [org.egov.ukcustomservice.UkdCustomServiceApplicationTests]: class path resource [org/egov/ukcustomservice/UkdCustomServiceApplicationTests-context.xml] does not exist
09:33:06.186 [main] DEBUG org.springframework.test.context.support.AbstractContextLoader - Did not detect default resource location for test class [org.egov.ukcustomservice.UkdCustomServiceApplicationTests]: class path resource [org/egov/ukcustomservice/UkdCustomServiceApplicationTestsContext.groovy] does not exist
09:33:06.187 [main] INFO org.springframework.test.context.support.AbstractContextLoader - Could not detect default resource locations for test class [org.egov.ukcustomservice.UkdCustomServiceApplicationTests]: no resource found for suffixes {-context.xml, Context.groovy}.
09:33:06.188 [main] INFO org.springframework.test.context.support.AnnotationConfigContextLoaderUtils - Could not detect default configuration classes for test class [org.egov.ukcustomservice.UkdCustomServiceApplicationTests]: UkdCustomServiceApplicationTests does not declare any static, non-private, non-final, nested classes annotated with @Configuration.
09:33:06.190 [main] DEBUG org.springframework.test.context.support.ActiveProfilesUtils - Could not find an 'annotation declaring class' for annotation type [org.springframework.test.context.ActiveProfiles] and class [org.egov.ukcustomservice.UkdCustomServiceApplicationTests]
09:33:06.261 [main] DEBUG org.springframework.test.context.BootstrapUtils - Instantiating CacheAwareContextLoaderDelegate from class [org.springframework.test.context.cache.DefaultCacheAwareContextLoaderDelegate]
09:33:06.261 [main] DEBUG org.springframework.test.context.BootstrapUtils - Instantiating BootstrapContext using constructor [public org.springframework.test.context.support.DefaultBootstrapContext(java.lang.Class,org.springframework.test.context.CacheAwareContextLoaderDelegate)]
09:33:06.262 [main] DEBUG org.springframework.test.context.BootstrapUtils - Instantiating TestContextBootstrapper for test class [org.egov.ukcustomservice.UkdCustomServiceApplicationTests] from class [org.springframework.boot.test.context.SpringBootTestContextBootstrapper]
09:33:06.264 [main] INFO org.springframework.boot.test.context.SpringBootTestContextBootstrapper - Neither @ContextConfiguration nor @ContextHierarchy found for test class [org.egov.ukcustomservice.UkdCustomServiceApplicationTests], using SpringBootContextLoader
09:33:06.274 [main] DEBUG org.springframework.test.context.support.AbstractContextLoader - Did not detect default resource location for test class [org.egov.ukcustomservice.UkdCustomServiceApplicationTests]: class path resource [org/egov/ukcustomservice/UkdCustomServiceApplicationTests-context.xml] does not exist
09:33:06.277 [main] DEBUG org.springframework.test.context.support.AbstractContextLoader - Did not detect default resource location for test class [org.egov.ukcustomservice.UkdCustomServiceApplicationTests]: class path resource [org/egov/ukcustomservice/UkdCustomServiceApplicationTestsContext.groovy] does not exist
09:33:06.278 [main] INFO org.springframework.test.context.support.AbstractContextLoader - Could not detect default resource locations for test class [org.egov.ukcustomservice.UkdCustomServiceApplicationTests]: no resource found for suffixes {-context.xml, Context.groovy}.
09:33:06.279 [main] INFO org.springframework.test.context.support.AnnotationConfigContextLoaderUtils - Could not detect default configuration classes for test class [org.egov.ukcustomservice.UkdCustomServiceApplicationTests]: UkdCustomServiceApplicationTests does not declare any static, non-private, non-final, nested classes annotated with @Configuration.
09:33:06.281 [main] DEBUG org.springframework.test.context.support.ActiveProfilesUtils - Could not find an 'annotation declaring class' for annotation type [org.springframework.test.context.ActiveProfiles] and class [org.egov.ukcustomservice.UkdCustomServiceApplicationTests]
]]></system-out>
  </testcase>
</testsuite>